[debug] [2025-06-02T16:21:52.553Z] ----------------------------------------------------------------------
[debug] [2025-06-02T16:21:52.555Z] Command:       /opt/homebrew/Cellar/node/23.6.0/bin/node /usr/local/bin/firebase init
[debug] [2025-06-02T16:21:52.555Z] CLI Version:   12.0.0
[debug] [2025-06-02T16:21:52.555Z] Platform:      darwin
[debug] [2025-06-02T16:21:52.555Z] Node Version:  v23.6.0
[debug] [2025-06-02T16:21:52.555Z] Time:          Mon Jun 02 2025 21:51:52 GMT+0530 (India Standard Time)
[debug] [2025-06-02T16:21:52.555Z] ----------------------------------------------------------------------
[debug] 
[debug] [2025-06-02T16:21:52.558Z] > command requires scopes: ["email","openid","https://www.googleapis.com/auth/cloudplatformprojects.readonly","https://www.googleapis.com/auth/firebase","https://www.googleapis.com/auth/cloud-platform"]
[debug] [2025-06-02T16:21:52.558Z] > authorizing via signed-in user (121yaseen@gmail.com)
[info] 
     ######## #### ########  ######## ########     ###     ######  ########
     ##        ##  ##     ## ##       ##     ##  ##   ##  ##       ##
     ######    ##  ########  ######   ########  #########  ######  ######
     ##        ##  ##    ##  ##       ##     ## ##     ##       ## ##
     ##       #### ##     ## ######## ########  ##     ##  ######  ########

You're about to initialize a Firebase project in this directory:

  /Users/muhammedyaseen/Development/ai-tutor

[info] 
=== Project Setup
[info] 
[info] First, let's associate this project directory with a Firebase project.
[info] You can create multiple project aliases by running firebase use --add, 
[info] but for now we'll just set up a default project.
[info] 
[debug] [2025-06-02T16:22:13.890Z] > refreshing access token with scopes: []
[debug] [2025-06-02T16:22:13.891Z] >>> [apiv2][query] POST https://www.googleapis.com/oauth2/v3/token [none]
[debug] [2025-06-02T16:22:13.892Z] >>> [apiv2][body] POST https://www.googleapis.com/oauth2/v3/token [omitted]
[debug] [2025-06-02T16:22:14.222Z] <<< [apiv2][status] POST https://www.googleapis.com/oauth2/v3/token 400
[debug] [2025-06-02T16:22:14.222Z] <<< [apiv2][body] POST https://www.googleapis.com/oauth2/v3/token [omitted]
[debug] [2025-06-02T16:22:14.223Z] >>> [apiv2][query] GET https://firebase.googleapis.com/v1beta1/availableProjects pageSize=100
[debug] [2025-06-02T16:22:14.628Z] <<< [apiv2][status] GET https://firebase.googleapis.com/v1beta1/availableProjects 401
[debug] [2025-06-02T16:22:14.629Z] <<< [apiv2][body] GET https://firebase.googleapis.com/v1beta1/availableProjects [omitted]
[debug] [2025-06-02T16:22:14.630Z] HTTP Error: 401, Request had invalid authentication credentials. Expected OAuth 2 access token, login cookie or other valid authentication credential. See https://developers.google.com/identity/sign-in/web/devconsole-project.
[debug] [2025-06-02T16:22:14.633Z] FirebaseError: HTTP Error: 401, Request had invalid authentication credentials. Expected OAuth 2 access token, login cookie or other valid authentication credential. See https://developers.google.com/identity/sign-in/web/devconsole-project.
    at responseToError (/usr/local/lib/node_modules/firebase-tools/lib/responseToError.js:49:12)
    at RetryOperation._fn (/usr/local/lib/node_modules/firebase-tools/lib/apiv2.js:288:77)
    at process.processTicksAndRejections (node:internal/process/task_queues:105:5)
[error] 
[error] Error: Failed to list available Google Cloud Platform projects. See firebase-debug.log for more info.
[debug] [2025-06-02T16:22:22.374Z] ----------------------------------------------------------------------
[debug] [2025-06-02T16:22:22.375Z] Command:       /opt/homebrew/Cellar/node/23.6.0/bin/node /usr/local/bin/firebase init
[debug] [2025-06-02T16:22:22.376Z] CLI Version:   12.0.0
[debug] [2025-06-02T16:22:22.376Z] Platform:      darwin
[debug] [2025-06-02T16:22:22.376Z] Node Version:  v23.6.0
[debug] [2025-06-02T16:22:22.376Z] Time:          Mon Jun 02 2025 21:52:22 GMT+0530 (India Standard Time)
[debug] [2025-06-02T16:22:22.376Z] ----------------------------------------------------------------------
[debug] 
[debug] [2025-06-02T16:22:22.379Z] > command requires scopes: ["email","openid","https://www.googleapis.com/auth/cloudplatformprojects.readonly","https://www.googleapis.com/auth/firebase","https://www.googleapis.com/auth/cloud-platform"]
[debug] [2025-06-02T16:22:22.379Z] > authorizing via signed-in user (121yaseen@gmail.com)
[info] 
     ######## #### ########  ######## ########     ###     ######  ########
     ##        ##  ##     ## ##       ##     ##  ##   ##  ##       ##
     ######    ##  ########  ######   ########  #########  ######  ######
     ##        ##  ##    ##  ##       ##     ## ##     ##       ## ##
     ##       #### ##     ## ######## ########  ##     ##  ######  ########

You're about to initialize a Firebase project in this directory:

  /Users/muhammedyaseen/Development/ai-tutor

[info] 
=== Project Setup
[info] 
[info] First, let's associate this project directory with a Firebase project.
[info] You can create multiple project aliases by running firebase use --add, 
[info] but for now we'll just set up a default project.
[info] 
[debug] [2025-06-02T16:22:26.905Z] > refreshing access token with scopes: []
[debug] [2025-06-02T16:22:26.906Z] >>> [apiv2][query] POST https://www.googleapis.com/oauth2/v3/token [none]
[debug] [2025-06-02T16:22:26.906Z] >>> [apiv2][body] POST https://www.googleapis.com/oauth2/v3/token [omitted]
[debug] [2025-06-02T16:22:27.096Z] <<< [apiv2][status] POST https://www.googleapis.com/oauth2/v3/token 400
[debug] [2025-06-02T16:22:27.097Z] <<< [apiv2][body] POST https://www.googleapis.com/oauth2/v3/token [omitted]
[debug] [2025-06-02T16:22:27.097Z] >>> [apiv2][query] GET https://firebase.googleapis.com/v1beta1/availableProjects pageSize=100
[debug] [2025-06-02T16:22:27.733Z] <<< [apiv2][status] GET https://firebase.googleapis.com/v1beta1/availableProjects 401
[debug] [2025-06-02T16:22:27.733Z] <<< [apiv2][body] GET https://firebase.googleapis.com/v1beta1/availableProjects [omitted]
[debug] [2025-06-02T16:22:27.734Z] HTTP Error: 401, Request had invalid authentication credentials. Expected OAuth 2 access token, login cookie or other valid authentication credential. See https://developers.google.com/identity/sign-in/web/devconsole-project.
[debug] [2025-06-02T16:22:27.734Z] FirebaseError: HTTP Error: 401, Request had invalid authentication credentials. Expected OAuth 2 access token, login cookie or other valid authentication credential. See https://developers.google.com/identity/sign-in/web/devconsole-project.
    at responseToError (/usr/local/lib/node_modules/firebase-tools/lib/responseToError.js:49:12)
    at RetryOperation._fn (/usr/local/lib/node_modules/firebase-tools/lib/apiv2.js:288:77)
    at process.processTicksAndRejections (node:internal/process/task_queues:105:5)
[error] 
[error] Error: Failed to list available Google Cloud Platform projects. See firebase-debug.log for more info.
[debug] [2025-06-02T16:25:54.019Z] ----------------------------------------------------------------------
[debug] [2025-06-02T16:25:54.024Z] Command:       /opt/homebrew/Cellar/node/23.6.0/bin/node /usr/local/bin/firebase emulators:start --only firestore
[debug] [2025-06-02T16:25:54.024Z] CLI Version:   12.0.0
[debug] [2025-06-02T16:25:54.024Z] Platform:      darwin
[debug] [2025-06-02T16:25:54.024Z] Node Version:  v23.6.0
[debug] [2025-06-02T16:25:54.024Z] Time:          Mon Jun 02 2025 21:55:54 GMT+0530 (India Standard Time)
[debug] [2025-06-02T16:25:54.024Z] ----------------------------------------------------------------------
[debug] 
[debug] [2025-06-02T16:25:54.029Z] > command requires scopes: ["email","openid","https://www.googleapis.com/auth/cloudplatformprojects.readonly","https://www.googleapis.com/auth/firebase","https://www.googleapis.com/auth/cloud-platform"]
[debug] [2025-06-02T16:25:54.029Z] > authorizing via signed-in user (121yaseen@gmail.com)
[warn] ⚠  Could not find config (firebase.json) so using defaults. 
[debug] [2025-06-02T16:25:54.148Z] openjdk version "23.0.2" 2025-01-21

[debug] [2025-06-02T16:25:54.149Z] OpenJDK Runtime Environment (build 23.0.2+7-58)
OpenJDK 64-Bit Server VM (build 23.0.2+7-58, mixed mode, sharing)

[debug] [2025-06-02T16:25:54.155Z] Parsed Java major version: 23
[info] i  emulators: Starting emulators: firestore {"metadata":{"emulator":{"name":"hub"},"message":"Starting emulators: firestore"}}
[debug] [2025-06-02T16:25:54.286Z] [logging] Logging Emulator only supports listening on one address (127.0.0.1). Not listening on ::1
[debug] [2025-06-02T16:25:54.286Z] [firestore] Firestore Emulator only supports listening on one address (127.0.0.1). Not listening on ::1
[debug] [2025-06-02T16:25:54.286Z] [firestore.websocket] websocket server for firestore only supports listening on one address (127.0.0.1). Not listening on ::1
[debug] [2025-06-02T16:25:54.286Z] assigned listening specs for emulators {"user":{"logging":[{"address":"127.0.0.1","family":"IPv4","port":4500}],"firestore":[{"address":"127.0.0.1","family":"IPv4","port":8080}],"firestore.websocket":[{"address":"127.0.0.1","family":"IPv4","port":9150}]},"metadata":{"message":"assigned listening specs for emulators"}}
[warn] ⚠  firestore: Did not find a Cloud Firestore rules file specified in a firebase.json config file. {"metadata":{"emulator":{"name":"firestore"},"message":"Did not find a Cloud Firestore rules file specified in a firebase.json config file."}}
[warn] ⚠  firestore: The emulator will default to allowing all reads and writes. Learn more about this option: https://firebase.google.com/docs/emulator-suite/install_and_configure#security_rules_configuration. {"metadata":{"emulator":{"name":"firestore"},"message":"The emulator will default to allowing all reads and writes. Learn more about this option: https://firebase.google.com/docs/emulator-suite/install_and_configure#security_rules_configuration."}}
[debug] [2025-06-02T16:25:54.287Z] [firestore] Could not enable single_project_mode: missing projectId.
[debug] [2025-06-02T16:25:54.287Z] Ignoring unsupported arg: auto_download {"metadata":{"emulator":{"name":"firestore"},"message":"Ignoring unsupported arg: auto_download"}}
[debug] [2025-06-02T16:25:54.287Z] Starting Firestore Emulator with command {"binary":"java","args":["-Dgoogle.cloud_firestore.debug_log_level=FINE","-Duser.language=en","-jar","/Users/muhammedyaseen/.cache/firebase/emulators/cloud-firestore-emulator-v1.17.4.jar","--host","127.0.0.1","--port",8080,"--websocket_port",9150,"--project_id",""],"optionalArgs":["port","webchannel_port","host","rules","websocket_port","functions_emulator","seed_from_export","project_id","single_project_mode"],"joinArgs":false} {"metadata":{"emulator":{"name":"firestore"},"message":"Starting Firestore Emulator with command {\"binary\":\"java\",\"args\":[\"-Dgoogle.cloud_firestore.debug_log_level=FINE\",\"-Duser.language=en\",\"-jar\",\"/Users/muhammedyaseen/.cache/firebase/emulators/cloud-firestore-emulator-v1.17.4.jar\",\"--host\",\"127.0.0.1\",\"--port\",8080,\"--websocket_port\",9150,\"--project_id\",\"\"],\"optionalArgs\":[\"port\",\"webchannel_port\",\"host\",\"rules\",\"websocket_port\",\"functions_emulator\",\"seed_from_export\",\"project_id\",\"single_project_mode\"],\"joinArgs\":false}"}}
[info] i  firestore: Firestore Emulator logging to firestore-debug.log {"metadata":{"emulator":{"name":"firestore"},"message":"Firestore Emulator logging to \u001b[1mfirestore-debug.log\u001b[22m"}}
[debug] [2025-06-02T16:25:54.802Z] Jun 02, 2025 9:55:54 PM com.google.cloud.datastore.emulator.firestore.websocket.WebSocketServer start
INFO: Started WebSocket server on ws://127.0.0.1:9150
 {"metadata":{"emulator":{"name":"firestore"},"message":"Jun 02, 2025 9:55:54 PM com.google.cloud.datastore.emulator.firestore.websocket.WebSocketServer start\nINFO: Started WebSocket server on ws://127.0.0.1:9150\n"}}
[debug] [2025-06-02T16:25:54.813Z] API endpoint: http:// {"metadata":{"emulator":{"name":"firestore"},"message":"API endpoint: http://"}}
[debug] [2025-06-02T16:25:54.813Z] 127.0.0.1:8080
If you are using a library that supports the FIRESTORE_EMULATOR_HOST environment variable, run:

   export FIRESTORE_EMULATOR_HOST=127.0.0.1:8080

Dev App Server is now running.

 {"metadata":{"emulator":{"name":"firestore"},"message":"127.0.0.1:8080\nIf you are using a library that supports the FIRESTORE_EMULATOR_HOST environment variable, run:\n\n   export FIRESTORE_EMULATOR_HOST=127.0.0.1:8080\n\nDev App Server is now running.\n\n"}}
[info] ✔  firestore: Firestore Emulator UI websocket is running on 9150. {"metadata":{"emulator":{"name":"firestore"},"message":"Firestore Emulator UI websocket is running on 9150."}}
[warn] ⚠  emulators: The Emulator UI is not starting, either because none of the emulated products have an interaction layer in Emulator UI or it cannot determine the Project ID. Pass the --project flag to specify a project. {"metadata":{"emulator":{"name":"hub"},"message":"The Emulator UI is not starting, either because none of the emulated products have an interaction layer in Emulator UI or it cannot determine the Project ID. Pass the --project flag to specify a project."}}
[info] 
┌─────────────────────────────────────────────────────────────┐
│ ✔  All emulators ready! It is now safe to connect your app. │
└─────────────────────────────────────────────────────────────┘

┌───────────┬────────────────┐
│ Emulator  │ Host:Port      │
├───────────┼────────────────┤
│ Firestore │ 127.0.0.1:8080 │
└───────────┴────────────────┘
  Emulator Hub not running.
  Other reserved ports: 4500, 9150

Issues? Report them at https://github.com/firebase/firebase-tools/issues and attach the *-debug.log files.
 
